2021-03-10 22:13:37,731 [Worker-0: Loading available Gradle versions] INFO  o.e.b.c.i.u.g.PublishedGradleVersions - Gradle version information cache is not available. Remote download required.
2021-03-11 13:18:26,488 [Worker-0: Loading available Gradle versions] INFO  o.e.b.c.i.u.g.PublishedGradleVersions - Gradle version information cache is up-to-date. Trying to read.
2021-03-11 20:52:12,535 [Worker-0: Loading available Gradle versions] INFO  o.e.b.c.i.u.g.PublishedGradleVersions - Gradle version information cache is up-to-date. Trying to read.
2021-03-12 17:15:33,928 [Worker-3: Loading available Gradle versions] INFO  o.e.b.c.i.u.g.PublishedGradleVersions - Gradle version information cache is out-of-date. Trying to update.
2021-03-12 22:14:36,268 [Worker-1: Loading available Gradle versions] INFO  o.e.b.c.i.u.g.PublishedGradleVersions - Gradle version information cache is up-to-date. Trying to read.
2021-03-13 18:06:58,691 [Worker-0: Loading available Gradle versions] INFO  o.e.b.c.i.u.g.PublishedGradleVersions - Gradle version information cache is out-of-date. Trying to update.
2021-03-14 15:31:13,304 [Worker-1: Loading available Gradle versions] INFO  o.e.b.c.i.u.g.PublishedGradleVersions - Gradle version information cache is up-to-date. Trying to read.
2021-03-15 16:07:39,055 [Worker-1: Loading available Gradle versions] INFO  o.e.b.c.i.u.g.PublishedGradleVersions - Gradle version information cache is out-of-date. Trying to update.
2021-03-15 17:56:09,073 [Worker-3: Loading available Gradle versions] INFO  o.e.b.c.i.u.g.PublishedGradleVersions - Gradle version information cache is up-to-date. Trying to read.
2021-03-16 23:27:45,617 [Worker-4: Loading available Gradle versions] INFO  o.e.b.c.i.u.g.PublishedGradleVersions - Gradle version information cache is out-of-date. Trying to update.
2021-03-17 16:23:44,887 [Worker-3: Loading available Gradle versions] INFO  o.e.b.c.i.u.g.PublishedGradleVersions - Gradle version information cache is up-to-date. Trying to read.
2021-03-17 20:26:23,076 [Worker-0: Loading available Gradle versions] INFO  o.e.b.c.i.u.g.PublishedGradleVersions - Gradle version information cache is up-to-date. Trying to read.
2021-03-18 14:07:01,275 [Worker-0: Loading available Gradle versions] INFO  o.e.b.c.i.u.g.PublishedGradleVersions - Gradle version information cache is out-of-date. Trying to update.
2021-03-18 22:01:34,857 [Worker-5: Loading available Gradle versions] INFO  o.e.b.c.i.u.g.PublishedGradleVersions - Gradle version information cache is up-to-date. Trying to read.
2021-03-19 10:22:18,445 [Worker-3: Loading available Gradle versions] INFO  o.e.b.c.i.u.g.PublishedGradleVersions - Gradle version information cache is up-to-date. Trying to read.
2021-03-19 14:11:22,740 [Worker-5: Loading available Gradle versions] INFO  o.e.b.c.i.u.g.PublishedGradleVersions - Gradle version information cache is out-of-date. Trying to update.
2021-03-19 22:48:20,431 [Worker-3: Loading available Gradle versions] INFO  o.e.b.c.i.u.g.PublishedGradleVersions - Gradle version information cache is up-to-date. Trying to read.
2021-03-19 23:49:04,888 [Worker-0: Loading available Gradle versions] INFO  o.e.b.c.i.u.g.PublishedGradleVersions - Gradle version information cache is up-to-date. Trying to read.
2021-03-19 23:52:13,699 [Start Help Server] INFO  org.eclipse.jetty.util.log - Logging initialized @204388ms to org.eclipse.jetty.util.log.Slf4jLog
2021-03-19 23:52:13,852 [Start Help Server] INFO  org.eclipse.jetty.server.Server - jetty-9.4.35.v20201120; built: 2020-11-27T20:36:51.615Z; git: bdc54f03a5e0a7e280fab27f55c3c75ee8da89fb; jvm 15.0.2+7-27
2021-03-19 23:52:13,864 [Start Help Server] INFO  org.eclipse.jetty.server.session - DefaultSessionIdManager workerName=node0
2021-03-19 23:52:13,864 [Start Help Server] INFO  org.eclipse.jetty.server.session - No SessionScavenger set, using defaults
2021-03-19 23:52:13,865 [Start Help Server] INFO  org.eclipse.jetty.server.session - node0 Scavenging every 600000ms
2021-03-19 23:52:13,885 [Start Help Server] INFO  o.e.j.server.handler.ContextHandler - Started o.e.j.s.ServletContextHandler@a275ffa{/help,null,AVAILABLE}
2021-03-19 23:52:13,912 [Start Help Server] INFO  o.e.jetty.server.AbstractConnector - Started ServerConnector@8fa9a64{HTTP/1.1, (http/1.1)}{127.0.0.1:64838}
2021-03-19 23:52:13,912 [Start Help Server] INFO  org.eclipse.jetty.server.Server - Started @204607ms
2021-03-19 23:52:13,913 [Start Help Server] INFO  org.eclipse.jetty.server.session - node0 Scavenging every 600000ms
2021-03-20 00:25:28,369 [Stop Help Server] INFO  o.e.jetty.server.AbstractConnector - Stopped ServerConnector@8fa9a64{HTTP/1.1, (http/1.1)}{127.0.0.1:0}
2021-03-20 00:25:28,370 [Stop Help Server] INFO  org.eclipse.jetty.server.session - node0 Stopped scavenging
2021-03-20 00:25:28,385 [Stop Help Server] INFO  o.e.j.server.handler.ContextHandler - Stopped o.e.j.s.ServletContextHandler@a275ffa{/help,null,STOPPED}
2021-03-20 00:36:06,542 [Worker-0: Loading available Gradle versions] INFO  o.e.b.c.i.u.g.PublishedGradleVersions - Gradle version information cache is up-to-date. Trying to read.
2021-03-20 14:44:34,857 [Worker-3: Loading available Gradle versions] INFO  o.e.b.c.i.u.g.PublishedGradleVersions - Gradle version information cache is out-of-date. Trying to update.
2021-03-20 19:55:18,285 [Worker-5: Loading available Gradle versions] INFO  o.e.b.c.i.u.g.PublishedGradleVersions - Gradle version information cache is up-to-date. Trying to read.
2021-03-21 14:31:57,225 [Worker-0: Loading available Gradle versions] INFO  o.e.b.c.i.u.g.PublishedGradleVersions - Gradle version information cache is up-to-date. Trying to read.
2021-03-21 15:21:19,439 [Start Help Server] INFO  org.eclipse.jetty.util.log - Logging initialized @2973198ms to org.eclipse.jetty.util.log.Slf4jLog
2021-03-21 15:21:19,613 [Start Help Server] INFO  org.eclipse.jetty.server.Server - jetty-9.4.35.v20201120; built: 2020-11-27T20:36:51.615Z; git: bdc54f03a5e0a7e280fab27f55c3c75ee8da89fb; jvm 15.0.2+7-27
2021-03-21 15:21:19,630 [Start Help Server] INFO  org.eclipse.jetty.server.session - DefaultSessionIdManager workerName=node0
2021-03-21 15:21:19,630 [Start Help Server] INFO  org.eclipse.jetty.server.session - No SessionScavenger set, using defaults
2021-03-21 15:21:19,631 [Start Help Server] INFO  org.eclipse.jetty.server.session - node0 Scavenging every 600000ms
2021-03-21 15:21:19,650 [Start Help Server] INFO  o.e.j.server.handler.ContextHandler - Started o.e.j.s.ServletContextHandler@74c15189{/help,null,AVAILABLE}
2021-03-21 15:21:19,679 [Start Help Server] INFO  o.e.jetty.server.AbstractConnector - Started ServerConnector@78984db9{HTTP/1.1, (http/1.1)}{127.0.0.1:56756}
2021-03-21 15:21:19,680 [Start Help Server] INFO  org.eclipse.jetty.server.Server - Started @2973442ms
2021-03-21 15:21:19,680 [Start Help Server] INFO  org.eclipse.jetty.server.session - node0 Scavenging every 660000ms
2021-03-21 19:30:09,862 [Stop Help Server] INFO  o.e.jetty.server.AbstractConnector - Stopped ServerConnector@78984db9{HTTP/1.1, (http/1.1)}{127.0.0.1:0}
2021-03-21 19:30:09,863 [Stop Help Server] INFO  org.eclipse.jetty.server.session - node0 Stopped scavenging
2021-03-21 19:30:09,874 [Stop Help Server] INFO  o.e.j.server.handler.ContextHandler - Stopped o.e.j.s.ServletContextHandler@74c15189{/help,null,STOPPED}
2021-03-22 12:51:38,152 [Worker-2: Loading available Gradle versions] INFO  o.e.b.c.i.u.g.PublishedGradleVersions - Gradle version information cache is up-to-date. Trying to read.
2021-03-23 13:07:39,634 [Worker-2: Loading available Gradle versions] INFO  o.e.b.c.i.u.g.PublishedGradleVersions - Gradle version information cache is out-of-date. Trying to update.
2021-03-23 18:07:14,085 [Worker-1: Loading available Gradle versions] INFO  o.e.b.c.i.u.g.PublishedGradleVersions - Gradle version information cache is up-to-date. Trying to read.
2021-03-23 22:02:06,133 [Worker-4: Loading available Gradle versions] INFO  o.e.b.c.i.u.g.PublishedGradleVersions - Gradle version information cache is up-to-date. Trying to read.
2021-03-23 22:25:23,272 [Worker-3: Loading available Gradle versions] INFO  o.e.b.c.i.u.g.PublishedGradleVersions - Gradle version information cache is up-to-date. Trying to read.
2021-03-23 22:35:01,953 [Worker-0: Loading available Gradle versions] INFO  o.e.b.c.i.u.g.PublishedGradleVersions - Gradle version information cache is up-to-date. Trying to read.
2021-03-24 13:48:37,140 [Worker-0: Loading available Gradle versions] INFO  o.e.b.c.i.u.g.PublishedGradleVersions - Gradle version information cache is out-of-date. Trying to update.
2021-03-25 11:47:35,498 [Worker-1: Loading available Gradle versions] INFO  o.e.b.c.i.u.g.PublishedGradleVersions - Gradle version information cache is up-to-date. Trying to read.
2021-03-26 12:36:33,662 [Worker-3: Loading available Gradle versions] INFO  o.e.b.c.i.u.g.PublishedGradleVersions - Gradle version information cache is out-of-date. Trying to update.
